<?xml version="1.0" encoding="UTF-8"?>
<robot generator="Robot 4.1.3 (Python 3.10.1 on win32)" generated="20220316 05:48:07.781" rpa="false" schemaversion="2">
<suite id="s1" name="Excercise1" source="F:\work\ebay_automation\TestSuite\Excercise1.robot">
<test id="s1-t1" name="Access a Product via category after applying multiple filters">
<kw name="Open chrome browser https://www.ebay.com/" library="Resources" type="SETUP" sourcename="Open chrome browser ${URL}">
<doc>Open chrome browser</doc>
<kw name="Open Browser" library="SeleniumLibrary">
<arg>${URL}</arg>
<arg>chrome</arg>
<doc>Opens a new browser instance to the optional ``url``.</doc>
<msg timestamp="20220316 05:48:08.070" level="INFO">Opening browser 'chrome' to base url 'https://www.ebay.com/'.</msg>
<status status="PASS" starttime="20220316 05:48:08.069" endtime="20220316 05:48:13.368"/>
</kw>
<kw name="Maximize Browser Window" library="SeleniumLibrary">
<doc>Maximizes current browser window.</doc>
<status status="PASS" starttime="20220316 05:48:13.368" endtime="20220316 05:48:13.497"/>
</kw>
<kw name="Set Selenium Speed" library="SeleniumLibrary">
<arg>0.1s</arg>
<doc>Sets the delay that is waited after each Selenium command.</doc>
<status status="PASS" starttime="20220316 05:48:13.497" endtime="20220316 05:48:13.497"/>
</kw>
<status status="PASS" starttime="20220316 05:48:08.069" endtime="20220316 05:48:13.497"/>
</kw>
<kw name="GIVEN 3 filters - screen size, Price and Item location" library="ebayHomePage">
<kw name="Wait Until Element Is Visible" library="SeleniumLibrary">
<arg>${Menu_Electronics}</arg>
<arg>1m</arg>
<doc>Waits until the element ``locator`` is visible.</doc>
<status status="PASS" starttime="20220316 05:48:13.497" endtime="20220316 05:48:13.775"/>
</kw>
<kw name="Click Element" library="SeleniumLibrary">
<arg>${Menu_Electronics}</arg>
<doc>Click the element identified by ``locator``.</doc>
<msg timestamp="20220316 05:48:13.775" level="INFO">Clicking element '//body/div[@id='mainContent']/div[@class='hl-cat-nav']/ul[@class='hl-cat-nav__container']/li[3]'.</msg>
<status status="PASS" starttime="20220316 05:48:13.775" endtime="20220316 05:48:16.009"/>
</kw>
<kw name="Wait Until Element Is Visible" library="SeleniumLibrary">
<arg>${Menu_cellphoneAndaccesories}</arg>
<arg>1m</arg>
<doc>Waits until the element ``locator`` is visible.</doc>
<status status="PASS" starttime="20220316 05:48:16.009" endtime="20220316 05:48:16.263"/>
</kw>
<kw name="Click Element" library="SeleniumLibrary">
<arg>${Menu_cellphoneAndaccesories}</arg>
<doc>Click the element identified by ``locator``.</doc>
<msg timestamp="20220316 05:48:16.263" level="INFO">Clicking element '//div[normalize-space()='Cell Phones, Smart Watches &amp; Accessories']'.</msg>
<status status="PASS" starttime="20220316 05:48:16.263" endtime="20220316 05:48:18.156"/>
</kw>
<kw name="Wait Until Element Is Visible" library="SeleniumLibrary">
<arg>${Menu_cellphoneAndSmartPhone}</arg>
<arg>1m</arg>
<doc>Waits until the element ``locator`` is visible.</doc>
<status status="PASS" starttime="20220316 05:48:18.156" endtime="20220316 05:48:18.665"/>
</kw>
<kw name="Click Element" library="SeleniumLibrary">
<arg>${Menu_cellphoneAndSmartPhone}</arg>
<doc>Click the element identified by ``locator``.</doc>
<msg timestamp="20220316 05:48:18.666" level="INFO">Clicking element '//div[normalize-space()='Cell Phones &amp; Smartphones']'.</msg>
<status status="PASS" starttime="20220316 05:48:18.665" endtime="20220316 05:48:20.899"/>
</kw>
<kw name="Wait Until Element Is Visible" library="SeleniumLibrary">
<arg>${Element_AllFilter}</arg>
<arg>1m</arg>
<doc>Waits until the element ``locator`` is visible.</doc>
<status status="PASS" starttime="20220316 05:48:20.899" endtime="20220316 05:48:21.328"/>
</kw>
<kw name="Click Element" library="SeleniumLibrary">
<arg>${Element_AllFilter}</arg>
<doc>Click the element identified by ``locator``.</doc>
<msg timestamp="20220316 05:48:21.335" level="INFO">Clicking element '//button[@aria-label='All Filters']'.</msg>
<status status="PASS" starttime="20220316 05:48:21.332" endtime="20220316 05:48:21.802"/>
</kw>
<kw name="Wait Until Element Is Visible" library="SeleniumLibrary">
<arg>${Tray_AllFilter}</arg>
<doc>Waits until the element ``locator`` is visible.</doc>
<status status="PASS" starttime="20220316 05:48:21.802" endtime="20220316 05:48:23.066"/>
</kw>
<kw name="Wait Until Element Is Visible" library="SeleniumLibrary">
<arg>${filter_screensize}</arg>
<arg>1m</arg>
<doc>Waits until the element ``locator`` is visible.</doc>
<status status="PASS" starttime="20220316 05:48:23.066" endtime="20220316 05:48:23.332"/>
</kw>
<kw name="Click Element" library="SeleniumLibrary">
<arg>${filter_screensize}</arg>
<doc>Click the element identified by ``locator``.</doc>
<msg timestamp="20220316 05:48:23.335" level="INFO">Clicking element '//span[normalize-space()='Screen Size']'.</msg>
<status status="PASS" starttime="20220316 05:48:23.333" endtime="20220316 05:48:23.688"/>
</kw>
<kw name="Wait Until Element Is Visible" library="SeleniumLibrary">
<arg>${checkBox_screensize_6inOrMore}</arg>
<arg>1m</arg>
<doc>Waits until the element ``locator`` is visible.</doc>
<status status="PASS" starttime="20220316 05:48:23.689" endtime="20220316 05:48:24.906"/>
</kw>
<kw name="Click Element" library="SeleniumLibrary">
<arg>${checkBox_screensize_6inOrMore}</arg>
<doc>Click the element identified by ``locator``.</doc>
<msg timestamp="20220316 05:48:24.906" level="INFO">Clicking element '//input[@id='c3-subPanel-Screen%20Size_6%20in%20or%20More_cbx']'.</msg>
<status status="PASS" starttime="20220316 05:48:24.906" endtime="20220316 05:48:25.189"/>
</kw>
<kw name="Wait Until Element Is Visible" library="SeleniumLibrary">
<arg>${filter_prize}</arg>
<arg>1m</arg>
<doc>Waits until the element ``locator`` is visible.</doc>
<status status="PASS" starttime="20220316 05:48:25.189" endtime="20220316 05:48:25.423"/>
</kw>
<kw name="Click Element" library="SeleniumLibrary">
<arg>${filter_prize}</arg>
<doc>Click the element identified by ``locator``.</doc>
<msg timestamp="20220316 05:48:25.423" level="INFO">Clicking element '//div[@id='c3-mainPanel-price']'.</msg>
<status status="PASS" starttime="20220316 05:48:25.423" endtime="20220316 05:48:25.722"/>
</kw>
<kw name="Wait Until Element Is Visible" library="SeleniumLibrary">
<arg>${field_start_price_filter}</arg>
<arg>1m</arg>
<doc>Waits until the element ``locator`` is visible.</doc>
<status status="PASS" starttime="20220316 05:48:25.722" endtime="20220316 05:48:26.910"/>
</kw>
<kw name="Input Text" library="SeleniumLibrary">
<arg>${field_start_price_filter}</arg>
<arg>${VALUE_START_PRICE}</arg>
<doc>Types the given ``text`` into the text field identified by ``locator``.</doc>
<msg timestamp="20220316 05:48:26.911" level="INFO">Typing text '2000000' into text field '//input[@aria-label='Minimum Value, US Dollar']'.</msg>
<status status="PASS" starttime="20220316 05:48:26.910" endtime="20220316 05:48:27.340"/>
</kw>
<kw name="Wait Until Element Is Visible" library="SeleniumLibrary">
<arg>${field_end_price_filter}</arg>
<arg>1m</arg>
<doc>Waits until the element ``locator`` is visible.</doc>
<status status="PASS" starttime="20220316 05:48:27.340" endtime="20220316 05:48:27.589"/>
</kw>
<kw name="Input Text" library="SeleniumLibrary">
<arg>${field_end_price_filter}</arg>
<arg>${VALUE_END_PRICE}</arg>
<doc>Types the given ``text`` into the text field identified by ``locator``.</doc>
<msg timestamp="20220316 05:48:27.589" level="INFO">Typing text '6000000' into text field '//input[@aria-label='Maximum Value, US Dollar']'.</msg>
<status status="PASS" starttime="20220316 05:48:27.589" endtime="20220316 05:48:28.021"/>
</kw>
<kw name="Wait Until Element Is Visible" library="SeleniumLibrary">
<arg>${filter_item_location}</arg>
<arg>1m</arg>
<doc>Waits until the element ``locator`` is visible.</doc>
<status status="PASS" starttime="20220316 05:48:28.021" endtime="20220316 05:48:28.247"/>
</kw>
<kw name="Click Element" library="SeleniumLibrary">
<arg>${filter_item_location}</arg>
<doc>Click the element identified by ``locator``.</doc>
<msg timestamp="20220316 05:48:28.247" level="INFO">Clicking element '//span[normalize-space()='Item Location']'.</msg>
<status status="PASS" starttime="20220316 05:48:28.247" endtime="20220316 05:48:28.555"/>
</kw>
<kw name="Wait Until Element Is Visible" library="SeleniumLibrary">
<arg>${radioButton_filterLocation}</arg>
<arg>1m</arg>
<doc>Waits until the element ``locator`` is visible.</doc>
<status status="PASS" starttime="20220316 05:48:28.555" endtime="20220316 05:48:29.713"/>
</kw>
<kw name="Click Element" library="SeleniumLibrary">
<arg>${radioButton_filterLocation}</arg>
<doc>Click the element identified by ``locator``.</doc>
<msg timestamp="20220316 05:48:29.713" level="INFO">Clicking element '//input[@aria-label='Asia']'.</msg>
<status status="PASS" starttime="20220316 05:48:29.713" endtime="20220316 05:48:29.989"/>
</kw>
<status status="PASS" starttime="20220316 05:48:13.497" endtime="20220316 05:48:29.989"/>
</kw>
<kw name="WHEN Request filters" library="ebayHomePage">
<kw name="Wait Until Element Is Visible" library="SeleniumLibrary">
<arg>${button_apply_filter}</arg>
<arg>1m</arg>
<doc>Waits until the element ``locator`` is visible.</doc>
<status status="PASS" starttime="20220316 05:48:29.989" endtime="20220316 05:48:30.217"/>
</kw>
<kw name="Click Element" library="SeleniumLibrary">
<arg>${button_apply_filter}</arg>
<doc>Click the element identified by ``locator``.</doc>
<msg timestamp="20220316 05:48:30.217" level="INFO">Clicking element '//button[@aria-label='Apply']'.</msg>
<status status="PASS" starttime="20220316 05:48:30.217" endtime="20220316 05:48:30.489"/>
</kw>
<status status="PASS" starttime="20220316 05:48:29.989" endtime="20220316 05:48:30.489"/>
</kw>
<kw name="THEN Verify the filter and counting tags result shound be ${count_item}" library="ebayHomePage" sourcename="Verify the filter and counting tags result shound be ${count_item}">
<kw name="Wait Until Element Is Visible" library="SeleniumLibrary">
<arg>${counter_filterApplied}</arg>
<arg>1m</arg>
<doc>Waits until the element ``locator`` is visible.</doc>
<status status="PASS" starttime="20220316 05:48:30.491" endtime="20220316 05:48:32.712"/>
</kw>
<kw name="Click Element" library="SeleniumLibrary">
<arg>${counter_filterApplied}</arg>
<doc>Click the element identified by ``locator``.</doc>
<msg timestamp="20220316 05:48:32.713" level="INFO">Clicking element '//div[@id='s0-27_1-9-0-1[0]-0-0-6-5-4[0]-flyout']//button[@type='button']'.</msg>
<status status="PASS" starttime="20220316 05:48:32.712" endtime="20220316 05:48:33.279"/>
</kw>
<kw name="Wait Until Element Is Visible" library="SeleniumLibrary">
<arg>${TrayFilterApplied}</arg>
<arg>1m</arg>
<doc>Waits until the element ``locator`` is visible.</doc>
<status status="PASS" starttime="20220316 05:48:33.279" endtime="20220316 05:48:33.532"/>
</kw>
<kw name="Get Element Count" library="SeleniumLibrary">
<var>${Count}</var>
<arg>${item_filter_applied}</arg>
<doc>Returns the number of elements matching ``locator``.</doc>
<msg timestamp="20220316 05:48:33.675" level="INFO">${Count} = 3</msg>
<status status="PASS" starttime="20220316 05:48:33.533" endtime="20220316 05:48:33.675"/>
</kw>
<kw name="Should Be True" library="BuiltIn">
<arg>${Count}</arg>
<arg>${count_item}</arg>
<doc>Fails if the given condition is not true.</doc>
<status status="PASS" starttime="20220316 05:48:33.675" endtime="20220316 05:48:33.675"/>
</kw>
<status status="PASS" starttime="20220316 05:48:30.490" endtime="20220316 05:48:33.675"/>
</kw>
<kw name="Close Browser" library="SeleniumLibrary" type="TEARDOWN">
<doc>Closes the current browser.</doc>
<status status="PASS" starttime="20220316 05:48:33.675" endtime="20220316 05:48:36.036"/>
</kw>
<status status="PASS" starttime="20220316 05:48:08.067" endtime="20220316 05:48:36.037"/>
</test>
<status status="PASS" starttime="20220316 05:48:07.781" endtime="20220316 05:48:36.041"/>
</suite>
<statistics>
<total>
<stat pass="1" fail="0" skip="0">All Tests</stat>
</total>
<tag>
</tag>
<suite>
<stat pass="1" fail="0" skip="0" id="s1" name="Excercise1">Excercise1</stat>
</suite>
</statistics>
<errors>
</errors>
</robot>
